<?xml version="1.0" encoding="UTF-8"?>
<!-- Generated by org.testng.reporters.JUnitReportReporter -->
<testsuite hostname="DESKTOP-4MTUCQN" name="adamenko.ev2.SampleTestNgTest" tests="1" failures="0" timestamp="16 Jun 2017 08:11:02 GMT" time="21.403" errors="0">
  <testcase name="MainTest" time="21.403" classname="adamenko.ev2.SampleTestNgTest"/>
</testsuite> <!-- adamenko.ev2.SampleTestNgTest -->
